<?xml version="1.0" encoding="UTF-8"?>
<testsuite xmlns:xsi="http://www.w3.org/2001/XMLSchema-instance" xsi:noNamespaceSchemaLocation="https://maven.apache.org/surefire/maven-surefire-plugin/xsd/surefire-test-report.xsd" version="3.0.2" name="com.example.MinioServicesTest" time="2.911" tests="3" errors="0" skipped="0" failures="0">
  <properties>
[...]
</properties>
  <testcase name="testUploadFile" classname="com.example.MinioServicesTest" time="2.557"/>
  <testcase name="testGetFile" classname="com.example.MinioServicesTest" time="0.217">
    <system-out><![CDATA[Looking for object key: [image.jpg]
]]></system-out>
  </testcase>
  <testcase name="testGetImageNames" classname="com.example.MinioServicesTest" time="0.127"/>
</testsuite>